<?xml version="1.0" encoding="UTF-8"?>
<!-- Generated by org.testng.reporters.JUnitXMLReporter -->
<testsuite ignored="0" hostname="DESKTOP-DGC57U0" failures="0" tests="5" name="Login Page Tests" time="118.959" errors="0" timestamp="2025-04-22T22:41:50 IST">
  <testcase classname="tests.LoginPageTest" name="verifyLoginWithValidCredentials" time="12.781"/>
  <testcase classname="tests.LoginPageTest" name="verifyLoginWithInValidCredentials" time="13.083"/>
  <testcase classname="tests.LoginPageTest" name="verifyEmptyUsernamePassword" time="12.615"/>
  <testcase classname="tests.LoginPageTest" name="verifyForgotPasswordLink" time="4.728"/>
  <testcase classname="tests.LoginPageTest" name="verifyLogout" time="15.077"/>
</testsuite> <!-- Login Page Tests -->
