<?xml version="1.0" encoding="UTF-8"?>
<testsuite xmlns:xsi="http://www.w3.org/2001/XMLSchema-instance" xsi:noNamespaceSchemaLocation="https://maven.apache.org/surefire/maven-surefire-plugin/xsd/surefire-test-report-3.0.xsd" version="3.0" name="TestSuite" time="130.808" tests="5" errors="0" skipped="0" failures="0">
  <properties>
[...]
</properties>
  <testcase name="verifyLoginWithValidCredentials" classname="tests.LoginPageTest" time="12.927">
    <system-out><![CDATA[[INFO ] 2025-04-22 22:39:52.197 [main] WebDriverManager - Using chromedriver 135.0.7049.95 (resolved driver for Chrome 135)
[INFO ] 2025-04-22 22:39:52.239 [main] WebDriverManager - Exporting webdriver.chrome.driver as C:\Users\DELL\.cache\selenium\chromedriver\win64\135.0.7049.95\chromedriver.exe
[INFO ] 2025-04-22 22:39:56.077 [main] BaseTest - Launching Chrome browser
[INFO ] 2025-04-22 22:40:08.974 [main] LoggerHelper - Element[[ChromeDriver: chrome on windows (7742cf4ca6ac27e304fdb1991b31683b)] -> xpath: //input[@placeholder='Username']]Present on UI is:	true
[INFO ] 2025-04-22 22:40:09.061 [main] LoggerHelper - Element[[ChromeDriver: chrome on windows (7742cf4ca6ac27e304fdb1991b31683b)] -> xpath: //input[@placeholder='Username']]Present on UI is:	true
[INFO ] 2025-04-22 22:40:09.402 [main] LoggerHelper - Entered Username : Admin
[INFO ] 2025-04-22 22:40:09.523 [main] LoggerHelper - Element[[ChromeDriver: chrome on windows (7742cf4ca6ac27e304fdb1991b31683b)] -> xpath: //input[@placeholder='Password']]Present on UI is:	true
[INFO ] 2025-04-22 22:40:09.618 [main] LoggerHelper - Element[[ChromeDriver: chrome on windows (7742cf4ca6ac27e304fdb1991b31683b)] -> xpath: //input[@placeholder='Password']]Present on UI is:	true
[INFO ] 2025-04-22 22:40:09.940 [main] LoggerHelper - Entered Password : admin123
[INFO ] 2025-04-22 22:40:10.143 [main] LoggerHelper - Element[[ChromeDriver: chrome on windows (7742cf4ca6ac27e304fdb1991b31683b)] -> xpath: //button[normalize-space()='Login']]Present on UI is:	true
[INFO ] 2025-04-22 22:40:10.235 [main] LoggerHelper - Element[[ChromeDriver: chrome on windows (7742cf4ca6ac27e304fdb1991b31683b)] -> xpath: //button[normalize-space()='Login']]Present on UI is:	true
[INFO ] 2025-04-22 22:40:10.546 [main] LoggerHelper - Clicked on the Login button
[INFO ] 2025-04-22 22:40:20.640 [main] LoggerHelper - Element[[ChromeDriver: chrome on windows (7742cf4ca6ac27e304fdb1991b31683b)] -> xpath: //h6[normalize-space()='Dashboard']]Present on UI is:	true
[INFO ] 2025-04-22 22:40:20.708 [main] LoggerHelper - PASS :User is able to login to the application
]]></system-out>
  </testcase>
  <testcase name="verifyLoginWithInValidCredentials" classname="tests.LoginPageTest" time="13.108">
    <system-out><![CDATA[[INFO ] 2025-04-22 22:40:22.269 [main] WebDriverManager - Using chromedriver 135.0.7049.95 (resolved driver for Chrome 135)
[INFO ] 2025-04-22 22:40:22.281 [main] WebDriverManager - Exporting webdriver.chrome.driver as C:\Users\DELL\.cache\selenium\chromedriver\win64\135.0.7049.95\chromedriver.exe
[INFO ] 2025-04-22 22:40:23.627 [main] BaseTest - Launching Chrome browser
[INFO ] 2025-04-22 22:40:31.356 [main] LoggerHelper - Element[[ChromeDriver: chrome on windows (4d7e35ee980debcdc0260e34964d4d54)] -> xpath: //input[@placeholder='Username']]Present on UI is:	true
[INFO ] 2025-04-22 22:40:31.615 [main] LoggerHelper - Element[[ChromeDriver: chrome on windows (4d7e35ee980debcdc0260e34964d4d54)] -> xpath: //input[@placeholder='Username']]Present on UI is:	true
[INFO ] 2025-04-22 22:40:31.953 [main] LoggerHelper - Entered Username : Invalid
[INFO ] 2025-04-22 22:40:32.032 [main] LoggerHelper - Element[[ChromeDriver: chrome on windows (4d7e35ee980debcdc0260e34964d4d54)] -> xpath: //input[@placeholder='Password']]Present on UI is:	true
[INFO ] 2025-04-22 22:40:32.139 [main] LoggerHelper - Element[[ChromeDriver: chrome on windows (4d7e35ee980debcdc0260e34964d4d54)] -> xpath: //input[@placeholder='Password']]Present on UI is:	true
[INFO ] 2025-04-22 22:40:32.546 [main] LoggerHelper - Entered Password : invalid@123
[INFO ] 2025-04-22 22:40:32.700 [main] LoggerHelper - Element[[ChromeDriver: chrome on windows (4d7e35ee980debcdc0260e34964d4d54)] -> xpath: //button[normalize-space()='Login']]Present on UI is:	true
[INFO ] 2025-04-22 22:40:32.785 [main] LoggerHelper - Element[[ChromeDriver: chrome on windows (4d7e35ee980debcdc0260e34964d4d54)] -> xpath: //button[normalize-space()='Login']]Present on UI is:	true
[INFO ] 2025-04-22 22:40:33.024 [main] LoggerHelper - Clicked on the Login button
[INFO ] 2025-04-22 22:40:43.200 [main] LoggerHelper - Element[[ChromeDriver: chrome on windows (4d7e35ee980debcdc0260e34964d4d54)] -> xpath: //p[@class='oxd-text oxd-text--p oxd-alert-content-text']]Present on UI is:	true
[INFO ] 2025-04-22 22:40:43.407 [main] LoggerHelper - PASS :User is not able to login with invalid credentials
]]></system-out>
  </testcase>
  <testcase name="verifyEmptyUsernamePassword" classname="tests.LoginPageTest" time="12.63">
    <system-out><![CDATA[[INFO ] 2025-04-22 22:40:48.218 [main] WebDriverManager - Using chromedriver 135.0.7049.95 (resolved driver for Chrome 135)
[INFO ] 2025-04-22 22:40:48.247 [main] WebDriverManager - Exporting webdriver.chrome.driver as C:\Users\DELL\.cache\selenium\chromedriver\win64\135.0.7049.95\chromedriver.exe
[INFO ] 2025-04-22 22:40:54.048 [main] BaseTest - Launching Chrome browser
[INFO ] 2025-04-22 22:40:59.725 [main] LoggerHelper - Element[[ChromeDriver: chrome on windows (7453e239cd8f28f98416375cf934e74a)] -> xpath: //input[@placeholder='Username']]Present on UI is:	true
[INFO ] 2025-04-22 22:41:00.263 [main] LoggerHelper - Element[[ChromeDriver: chrome on windows (7453e239cd8f28f98416375cf934e74a)] -> xpath: //input[@placeholder='Username']]Present on UI is:	true
[INFO ] 2025-04-22 22:41:00.395 [main] LoggerHelper - Entered Username : 
[INFO ] 2025-04-22 22:41:00.594 [main] LoggerHelper - Element[[ChromeDriver: chrome on windows (7453e239cd8f28f98416375cf934e74a)] -> xpath: //input[@placeholder='Password']]Present on UI is:	true
[INFO ] 2025-04-22 22:41:00.738 [main] LoggerHelper - Element[[ChromeDriver: chrome on windows (7453e239cd8f28f98416375cf934e74a)] -> xpath: //input[@placeholder='Password']]Present on UI is:	true
[INFO ] 2025-04-22 22:41:01.021 [main] LoggerHelper - Entered Password : 
[INFO ] 2025-04-22 22:41:01.164 [main] LoggerHelper - Element[[ChromeDriver: chrome on windows (7453e239cd8f28f98416375cf934e74a)] -> xpath: //button[normalize-space()='Login']]Present on UI is:	true
[INFO ] 2025-04-22 22:41:01.229 [main] LoggerHelper - Element[[ChromeDriver: chrome on windows (7453e239cd8f28f98416375cf934e74a)] -> xpath: //button[normalize-space()='Login']]Present on UI is:	true
[INFO ] 2025-04-22 22:41:01.629 [main] LoggerHelper - Clicked on the Login button
[INFO ] 2025-04-22 22:41:11.709 [main] LoggerHelper - Element[[ChromeDriver: chrome on windows (7453e239cd8f28f98416375cf934e74a)] -> xpath: //div[@class='orangehrm-login-slot-wrapper']//div[1]//div[1]//span[1]]Present on UI is:	true
[INFO ] 2025-04-22 22:41:11.741 [main] LoggerHelper - PASS :Showing error message on login with empty credentials
]]></system-out>
  </testcase>
  <testcase name="verifyForgotPasswordLink" classname="tests.LoginPageTest" time="4.73">
    <system-out><![CDATA[[INFO ] 2025-04-22 22:41:13.148 [main] WebDriverManager - Using chromedriver 135.0.7049.95 (resolved driver for Chrome 135)
[INFO ] 2025-04-22 22:41:13.171 [main] WebDriverManager - Exporting webdriver.chrome.driver as C:\Users\DELL\.cache\selenium\chromedriver\win64\135.0.7049.95\chromedriver.exe
[INFO ] 2025-04-22 22:41:16.044 [main] BaseTest - Launching Chrome browser
[INFO ] 2025-04-22 22:41:19.997 [main] LoggerHelper - Element[[ChromeDriver: chrome on windows (3caee3866fc2c943fc67899d6345faa8)] -> xpath: //p[@class='oxd-text oxd-text--p orangehrm-login-forgot-header']]Present on UI is:	true
[INFO ] 2025-04-22 22:41:20.056 [main] LoggerHelper - Element[[ChromeDriver: chrome on windows (3caee3866fc2c943fc67899d6345faa8)] -> xpath: //p[@class='oxd-text oxd-text--p orangehrm-login-forgot-header']]Present on UI is:	true
[INFO ] 2025-04-22 22:41:21.685 [main] LoggerHelper - Clicked on the Forgot Password link
[INFO ] 2025-04-22 22:41:23.807 [main] LoggerHelper - Element[[ChromeDriver: chrome on windows (3caee3866fc2c943fc67899d6345faa8)] -> xpath: //h6[normalize-space()='Reset Password']]Present on UI is:	true
[INFO ] 2025-04-22 22:41:23.847 [main] LoggerHelper - PASS :Forgot password link is functional
]]></system-out>
  </testcase>
  <testcase name="verifyLogout" classname="tests.LoginPageTest" time="15.089">
    <system-out><![CDATA[[INFO ] 2025-04-22 22:41:24.806 [main] WebDriverManager - Using chromedriver 135.0.7049.95 (resolved driver for Chrome 135)
[INFO ] 2025-04-22 22:41:24.823 [main] WebDriverManager - Exporting webdriver.chrome.driver as C:\Users\DELL\.cache\selenium\chromedriver\win64\135.0.7049.95\chromedriver.exe
[INFO ] 2025-04-22 22:41:26.056 [main] BaseTest - Launching Chrome browser
[INFO ] 2025-04-22 22:41:34.944 [main] LoggerHelper - Element[[ChromeDriver: chrome on windows (fec53353aa898c88e0c00d2abecfd37b)] -> xpath: //input[@placeholder='Username']]Present on UI is:	true
[INFO ] 2025-04-22 22:41:35.176 [main] LoggerHelper - Element[[ChromeDriver: chrome on windows (fec53353aa898c88e0c00d2abecfd37b)] -> xpath: //input[@placeholder='Username']]Present on UI is:	true
[INFO ] 2025-04-22 22:41:35.669 [main] LoggerHelper - Entered Username : Admin
[INFO ] 2025-04-22 22:41:35.774 [main] LoggerHelper - Element[[ChromeDriver: chrome on windows (fec53353aa898c88e0c00d2abecfd37b)] -> xpath: //input[@placeholder='Password']]Present on UI is:	true
[INFO ] 2025-04-22 22:41:35.932 [main] LoggerHelper - Element[[ChromeDriver: chrome on windows (fec53353aa898c88e0c00d2abecfd37b)] -> xpath: //input[@placeholder='Password']]Present on UI is:	true
[INFO ] 2025-04-22 22:41:36.151 [main] LoggerHelper - Entered Password : admin123
[INFO ] 2025-04-22 22:41:36.216 [main] LoggerHelper - Element[[ChromeDriver: chrome on windows (fec53353aa898c88e0c00d2abecfd37b)] -> xpath: //button[normalize-space()='Login']]Present on UI is:	true
[INFO ] 2025-04-22 22:41:36.261 [main] LoggerHelper - Element[[ChromeDriver: chrome on windows (fec53353aa898c88e0c00d2abecfd37b)] -> xpath: //button[normalize-space()='Login']]Present on UI is:	true
[INFO ] 2025-04-22 22:41:36.456 [main] LoggerHelper - Clicked on the Login button
[INFO ] 2025-04-22 22:41:46.522 [main] LoggerHelper - Element[[ChromeDriver: chrome on windows (fec53353aa898c88e0c00d2abecfd37b)] -> xpath: //span[@class='oxd-userdropdown-tab']]Present on UI is:	true
[INFO ] 2025-04-22 22:41:46.560 [main] LoggerHelper - Element[[ChromeDriver: chrome on windows (fec53353aa898c88e0c00d2abecfd37b)] -> xpath: //span[@class='oxd-userdropdown-tab']]Present on UI is:	true
[INFO ] 2025-04-22 22:41:46.692 [main] LoggerHelper - Clicked on the Actions dropdown
[INFO ] 2025-04-22 22:41:46.765 [main] LoggerHelper - Element[[ChromeDriver: chrome on windows (fec53353aa898c88e0c00d2abecfd37b)] -> xpath: //a[normalize-space()='Logout']]Present on UI is:	true
[INFO ] 2025-04-22 22:41:46.832 [main] LoggerHelper - Element[[ChromeDriver: chrome on windows (fec53353aa898c88e0c00d2abecfd37b)] -> xpath: //a[normalize-space()='Logout']]Present on UI is:	true
[INFO ] 2025-04-22 22:41:48.173 [main] LoggerHelper - Clicked on the Logout button
[INFO ] 2025-04-22 22:41:48.560 [main] LoggerHelper - Element[[ChromeDriver: chrome on windows (fec53353aa898c88e0c00d2abecfd37b)] -> xpath: //button[normalize-space()='Login']]Present on UI is:	true
[INFO ] 2025-04-22 22:41:48.604 [main] LoggerHelper - PASS :User is able to logout from the application
]]></system-out>
  </testcase>
</testsuite>